<?xml version="1.0" encoding="UTF-8"?>
<!-- Generated by org.testng.reporters.JUnitReportReporter -->
<testsuite hostname="INBook_X1" failures="0" tests="1" name="testCases.TC_001" time="24.914" errors="0" timestamp="2024-02-07T19:39:00 IST" skipped="0">
  <testcase classname="testCases.TC_001" name="test1" time="24.914"/>
</testsuite> <!-- testCases.TC_001 -->
