<?xml version="1.0" encoding="UTF-8"?>
<!-- Generated by org.testng.reporters.JUnitReportReporter -->
<testsuite hostname="INBook_X1" failures="0" tests="1" name="testCases.TC_02_LoginTest" time="27.382" errors="0" timestamp="2024-03-06T10:06:19 IST" skipped="0">
  <testcase classname="testCases.TC_02_LoginTest" name="test1" time="27.382"/>
</testsuite> <!-- testCases.TC_02_LoginTest -->
