<?xml version="1.0" encoding="UTF-8"?>
<!-- Generated by org.testng.reporters.JUnitReportReporter -->
<testsuite hostname="INBook_X1" failures="0" tests="1" name="testCases.TC_01_CreateAccountTest" time="17.032" errors="0" timestamp="2024-03-06T10:06:19 IST" skipped="0">
  <testcase classname="testCases.TC_01_CreateAccountTest" name="test1" time="17.032"/>
</testsuite> <!-- testCases.TC_01_CreateAccountTest -->
