<?xml version="1.0" encoding="UTF-8"?>
<!-- Generated by org.testng.reporters.JUnitReportReporter -->
<testsuite hostname="INBook_X1" failures="0" tests="1" name="testCases.TC_02_LoginTest" time="25.761" errors="0" timestamp="2024-03-07T09:30:29 IST" skipped="0">
  <testcase classname="testCases.TC_02_LoginTest" name="test1" time="25.761"/>
</testsuite> <!-- testCases.TC_02_LoginTest -->
