<?xml version="1.0" encoding="UTF-8"?>
<!-- Generated by org.testng.reporters.JUnitReportReporter -->
<testsuite hostname="INBook_X1" failures="0" tests="1" name="testCases.TC_01_CreateAccountTest" time="10.870" errors="0" timestamp="2024-03-07T09:30:29 IST" skipped="0">
  <testcase classname="testCases.TC_01_CreateAccountTest" name="test1" time="10.870"/>
</testsuite> <!-- testCases.TC_01_CreateAccountTest -->
